<?xml version="1.0" encoding="UTF-8"?>
<testsuite name="com.bestbuyapi.cucumber.CucumberRunner" time="3.358" tests="62" errors="0" skipped="0" failures="0">
  <properties>
[...]
</properties>
  <testcase name="When User sends a GET request to the categories endpoint,they must get back a valid status code 200" classname="Scenario: Verify if best buy application categories can be accessed by users" time="0"/>
  <testcase name="Scenario: Verify if best buy application categories can be accessed by users" classname="Scenario: Verify if best buy application categories can be accessed by users" time="0.166"/>
  <testcase name="When I create a new category by providing the information name &quot;&lt;Roger Moore Films&gt;&quot; and id &quot;&lt;id&gt;&quot;" classname="Scenario: Create a new Category &amp; verify if the Category is added" time="0"/>
  <testcase name="Then I verify that the Category with &quot;&lt;Roger Moore Films&gt;&quot; is created" classname="Scenario: Create a new Category &amp; verify if the Category is added" time="0"/>
  <testcase name="Scenario: Create a new Category &amp; verify if the Category is added" classname="Scenario: Create a new Category &amp; verify if the Category is added" time="0.07"/>
  <testcase name="When I get the Category created with &quot;id&quot;" classname="Scenario: Getting the Category by id and verifying" time="0"/>
  <testcase name="Then I verify that Category with &quot;id&quot; is obtained" classname="Scenario: Getting the Category by id and verifying" time="0"/>
  <testcase name="Scenario: Getting the Category by id and verifying" classname="Scenario: Getting the Category by id and verifying" time="0.067"/>
  <testcase name="When I update the Category with name" classname="Scenario: Updating the Category created and verify it is updated with status 200" time="0"/>
  <testcase name="Then I verify that the information is updated in the Category" classname="Scenario: Updating the Category created and verify it is updated with status 200" time="0"/>
  <testcase name="Scenario: Updating the Category created and verify it is updated with status 200" classname="Scenario: Updating the Category created and verify it is updated with status 200" time="0.125"/>
  <testcase name="When I delete the Category created with &quot;id&quot;" classname="Scenario: Deleting the Category created and verify it is deleted" time="0"/>
  <testcase name="Then I verify that the Category is deleted and get the status 404" classname="Scenario: Deleting the Category created and verify it is deleted" time="0"/>
  <testcase name="Scenario: Deleting the Category created and verify it is deleted" classname="Scenario: Deleting the Category created and verify it is deleted" time="0.094"/>
  <testcase name="When User sends a GET request to the product endpoint,they must get back a valid status code 200" classname="Scenario: Verify if best buy product application can be accessed by users" time="0"/>
  <testcase name="Scenario: Verify if best buy product application can be accessed by users" classname="Scenario: Verify if best buy product application can be accessed by users" time="0"/>
  <testcase name="When I create a new product by providing the information name &quot;JVM XYZ Mobile&quot; type &quot;iOS5656&quot; upc &quot;36445464656&quot; price &quot;99.99&quot;description &quot;latest high-tech mobile phone&quot; model &quot;JVM13243UK&quot;" classname="| JVM XYZ Mobile | iOS5656 | 36445464656 | 99.99 | latest high-tech mobile phone | JVM13243UK |" time="0"/>
  <testcase name="Then I verify that product is created with name &quot;JVM XYZ Mobile&quot;" classname="| JVM XYZ Mobile | iOS5656 | 36445464656 | 99.99 | latest high-tech mobile phone | JVM13243UK |" time="0"/>
  <testcase name="And I verify that the product with &quot;id&quot; is created" classname="| JVM XYZ Mobile | iOS5656 | 36445464656 | 99.99 | latest high-tech mobile phone | JVM13243UK |" time="0"/>
  <testcase name="| JVM XYZ Mobile | iOS5656 | 36445464656 | 99.99 | latest high-tech mobile phone | JVM13243UK |" classname="| JVM XYZ Mobile | iOS5656 | 36445464656 | 99.99 | latest high-tech mobile phone | JVM13243UK |" time="0"/>
  <testcase name="When I create a new product by providing the information name &quot;JVM ABC Mobile2&quot; type &quot;iOS5656&quot; upc &quot;36445464656&quot; price &quot;99.99&quot;description &quot;latest high-tech mobile phone&quot; model &quot;JVM13243UK&quot;" classname="| JVM ABC Mobile2 | iOS5656 | 36445464656 | 99.99 | latest high-tech mobile phone | JVM13243UK |" time="0"/>
  <testcase name="Then I verify that product is created with name &quot;JVM ABC Mobile2&quot;" classname="| JVM ABC Mobile2 | iOS5656 | 36445464656 | 99.99 | latest high-tech mobile phone | JVM13243UK |" time="0"/>
  <testcase name="And I verify that the product with &quot;id&quot; is created" classname="| JVM ABC Mobile2 | iOS5656 | 36445464656 | 99.99 | latest high-tech mobile phone | JVM13243UK |" time="0"/>
  <testcase name="| JVM ABC Mobile2 | iOS5656 | 36445464656 | 99.99 | latest high-tech mobile phone | JVM13243UK |" classname="| JVM ABC Mobile2 | iOS5656 | 36445464656 | 99.99 | latest high-tech mobile phone | JVM13243UK |" time="0.219"/>
  <testcase name="When I get the product created with &quot;id&quot;" classname="Scenario: Getting the product by id and verifying" time="0.001"/>
  <testcase name="Then I verify that the product with &quot;id&quot; is obtained" classname="Scenario: Getting the product by id and verifying" time="0"/>
  <testcase name="Scenario: Getting the product by id and verifying" classname="Scenario: Getting the product by id and verifying" time="0.226"/>
  <testcase name="When I update the product with name upc price" classname="Scenario: Updating the product created and verify it is updated with status 200" time="0"/>
  <testcase name="Then I verify that the information is updated in the product" classname="Scenario: Updating the product created and verify it is updated with status 200" time="0"/>
  <testcase name="Scenario: Updating the product created and verify it is updated with status 200" classname="Scenario: Updating the product created and verify it is updated with status 200" time="0.257"/>
  <testcase name="When I delete the product created with &quot;id&quot;" classname="Scenario: Deleting the product created and verify it is deleted" time="0"/>
  <testcase name="Then I verify that the product is deleted and get a status is 404" classname="Scenario: Deleting the product created and verify it is deleted" time="0"/>
  <testcase name="Scenario: Deleting the product created and verify it is deleted" classname="Scenario: Deleting the product created and verify it is deleted" time="0.324"/>
  <testcase name="When User sends a GET request to the services endpoint,they must get back a valid status code 200" classname="Scenario: Verify if best buy application services can be accessed by users" time="0"/>
  <testcase name="Scenario: Verify if best buy application services can be accessed by users" classname="Scenario: Verify if best buy application services can be accessed by users" time="0.347"/>
  <testcase name="When I create a new service by providing the information name &quot;&lt;Championship&gt;&quot;" classname="Scenario: Create a new Service &amp; verify if the Service is added" time="0"/>
  <testcase name="Then I verify that the service with &quot;&lt;Championship&gt;&quot; is created" classname="Scenario: Create a new Service &amp; verify if the Service is added" time="0"/>
  <testcase name="Scenario: Create a new Service &amp; verify if the Service is added" classname="Scenario: Create a new Service &amp; verify if the Service is added" time="0.234"/>
  <testcase name="When I get the service created with &quot;id&quot;" classname="Scenario: Getting the services by id and verifying" time="0"/>
  <testcase name="Then I verify that the services with &quot;id&quot; is obtained" classname="Scenario: Getting the services by id and verifying" time="0"/>
  <testcase name="Scenario: Getting the services by id and verifying" classname="Scenario: Getting the services by id and verifying" time="0.219"/>
  <testcase name="When I update the service with name" classname="Scenario: Updating the Service created and verify it is updated with status 200" time="0"/>
  <testcase name="Then I verify that the information is updated in the services" classname="Scenario: Updating the Service created and verify it is updated with status 200" time="0"/>
  <testcase name="Scenario: Updating the Service created and verify it is updated with status 200" classname="Scenario: Updating the Service created and verify it is updated with status 200" time="0.25"/>
  <testcase name="When I delete the service created with &quot;id&quot;" classname="Scenario: Deleting the service created and verify it is deleted" time="0"/>
  <testcase name="Then I verify that the service is deleted and get a status is 404" classname="Scenario: Deleting the service created and verify it is deleted" time="0"/>
  <testcase name="Scenario: Deleting the service created and verify it is deleted" classname="Scenario: Deleting the service created and verify it is deleted" time="0.265"/>
  <testcase name="When User sends a GET request to the stores endpoint,they must get back a valid status code 200" classname="Scenario: Verify if best buy stores application can be accessed by users" time="0"/>
  <testcase name="Scenario: Verify if best buy stores application can be accessed by users" classname="Scenario: Verify if best buy stores application can be accessed by users" time="0.004"/>
  <testcase name="When I create a new Store by providing the information name &quot;Automation Store&quot; type &quot;Rest Assured Tools&quot; address &quot;260 Rockland Avenue&quot; address2 &quot;Uxbridge&quot; city &quot;London&quot; state &quot;West&quot; zip &quot;HA10 88D&quot; lat &quot;45.958785&quot; lng &quot;-90.445596&quot; hours &quot;Mon: 9-6; Tue: 9-6; Wed: 9-6; Thurs: 9-6; Fri: 9-6; Sat: 9-6; Sun: 9-6&quot;" classname="| Automation Store | Rest Assured Tools | 260 Rockland Avenue | Uxbridge | London | West | HA10 88D | 45.958785 | -90.445596 | Mon: 9-6; Tue: 9-6; Wed: 9-6; Thurs: 9-6; Fri: 9-6; Sat: 9-6; Sun: 9-6 |" time="0"/>
  <testcase name="Then I verify that Store is created with name &quot;Automation Store&quot;" classname="| Automation Store | Rest Assured Tools | 260 Rockland Avenue | Uxbridge | London | West | HA10 88D | 45.958785 | -90.445596 | Mon: 9-6; Tue: 9-6; Wed: 9-6; Thurs: 9-6; Fri: 9-6; Sat: 9-6; Sun: 9-6 |" time="0"/>
  <testcase name="And I verify that the Store with &quot;id&quot; is created" classname="| Automation Store | Rest Assured Tools | 260 Rockland Avenue | Uxbridge | London | West | HA10 88D | 45.958785 | -90.445596 | Mon: 9-6; Tue: 9-6; Wed: 9-6; Thurs: 9-6; Fri: 9-6; Sat: 9-6; Sun: 9-6 |" time="0"/>
  <testcase name="| Automation Store | Rest Assured Tools | 260 Rockland Avenue | Uxbridge | London | West | HA10 88D | 45.958785 | -90.445596 | Mon: 9-6; Tue: 9-6; Wed: 9-6; Thurs: 9-6; Fri: 9-6; Sat: 9-6; Sun: 9-6 |" classname="| Automation Store | Rest Assured Tools | 260 Rockland Avenue | Uxbridge | London | West | HA10 88D | 45.958785 | -90.445596 | Mon: 9-6; Tue: 9-6; Wed: 9-6; Thurs: 9-6; Fri: 9-6; Sat: 9-6; Sun: 9-6 |" time="0.004"/>
  <testcase name="When I get the Store created with &quot;id&quot;" classname="Scenario: Getting the Store by id and verifying" time="0"/>
  <testcase name="Then I verify that the Store with &quot;id&quot; is obtained" classname="Scenario: Getting the Store by id and verifying" time="0"/>
  <testcase name="Scenario: Getting the Store by id and verifying" classname="Scenario: Getting the Store by id and verifying" time="0.006"/>
  <testcase name="When I update the store with name type" classname="Scenario: Updating the Store created and verify it is updated with status 200" time="0"/>
  <testcase name="Then I verify that the information is updated in the store" classname="Scenario: Updating the Store created and verify it is updated with status 200" time="0"/>
  <testcase name="Scenario: Updating the Store created and verify it is updated with status 200" classname="Scenario: Updating the Store created and verify it is updated with status 200" time="0.324"/>
  <testcase name="When I delete the Store created with &quot;id&quot;" classname="Scenario: Deleting the Store created and verify it is deleted" time="0"/>
  <testcase name="Then I verify that the Store is deleted and get a status 404" classname="Scenario: Deleting the Store created and verify it is deleted" time="0"/>
  <testcase name="Scenario: Deleting the Store created and verify it is deleted" classname="Scenario: Deleting the Store created and verify it is deleted" time="0.156"/>
</testsuite>