<?xml version="1.0" encoding="UTF-8"?><testsuite errors="0" failures="0" name="Testing the Product features on the best buy application" skipped="0" tests="6" time="37.43" timestamp="2020-06-09T11:16:24.525+01:00[Europe/London]"><testcase name="Verify if best buy product application can be accessed by users"/><testcase name="Create a new Product &amp; verify if the product is added"/><testcase name="Getting the product by id and verifying"/><testcase name="Updating the product created and verify it is updated with status 200"/><testcase name="Deleting the product created and verify it is deleted"/></testsuite>