<?xml version="1.0" encoding="UTF-8"?><testsuite errors="0" failures="0" name="Testing the Services features on the best buy application" skipped="0" tests="5" time="1.28" timestamp="2020-06-09T11:17:03.124+01:00[Europe/London]"><testcase name="Verify if best buy application services can be accessed by users"/><testcase name="Create a new Service &amp; verify if the Service is added"/><testcase name="Getting the services by id and verifying"/><testcase name="Updating the Service created and verify it is updated with status 200"/><testcase name="Deleting the service created and verify it is deleted"/></testsuite>