<?xml version="1.0" encoding="UTF-8"?><testsuite errors="0" failures="0" name="Testing the Stores features on the best buy application" skipped="0" tests="5" time="1.22" timestamp="2020-06-09T11:17:05.723+01:00[Europe/London]"><testcase name="Verify if best buy stores application can be accessed by users"/><testcase name="Create a new Store &amp; verify if the product is added"/><testcase name="Getting the Store by id and verifying"/><testcase name="Updating the Store created and verify it is updated with status 200"/><testcase name="Deleting the Store created and verify it is deleted"/></testsuite>