<?xml version="1.0" encoding="UTF-8"?><testsuite errors="0" failures="0" name="com.bestbuyapi.crudtest.ServicesCRUDTest" skipped="0" tests="4" time="25.31" timestamp="2020-06-09T11:15:47.649+01:00[Europe/London]"><testcase classname="com.bestbuyapi.crudtest.ServicesCRUDTest" name="Creating a new Service in the list"/><testcase classname="com.bestbuyapi.crudtest.ServicesCRUDTest" name="Verify service was added to the list"/><testcase classname="com.bestbuyapi.crudtest.ServicesCRUDTest" name="Updating the service information and verifying "/><testcase classname="com.bestbuyapi.crudtest.ServicesCRUDTest" name="Deleting the category information and verify if the category is deleted "/></testsuite>