<?xml version="1.0" encoding="UTF-8"?><testsuite errors="0" failures="0" name="com.bestbuyapi.crudtest.CategoriesCRUDTest" skipped="0" tests="4" time="26.11" timestamp="2020-06-09T11:15:46.826+01:00[Europe/London]"><testcase classname="com.bestbuyapi.crudtest.CategoriesCRUDTest" name="Creating a new category in the list"/><testcase classname="com.bestbuyapi.crudtest.CategoriesCRUDTest" name="Verify category was added to the list"/><testcase classname="com.bestbuyapi.crudtest.CategoriesCRUDTest" name="Updating the category information and verifying "/><testcase classname="com.bestbuyapi.crudtest.CategoriesCRUDTest" name="Deleting the category information and verify if the category is deleted "/></testsuite>