<?xml version="1.0" encoding="UTF-8"?><testsuite errors="0" failures="0" name="com.bestbuyapi.crudtest.ProductCRUDTest" skipped="0" tests="4" time="2.33" timestamp="2020-06-09T11:16:19.770+01:00[Europe/London]"><testcase classname="com.bestbuyapi.crudtest.ProductCRUDTest" name="Creating a new Product in the list"/><testcase classname="com.bestbuyapi.crudtest.ProductCRUDTest" name="Verify product was added to the list"/><testcase classname="com.bestbuyapi.crudtest.ProductCRUDTest" name="Updating the product information and verifying "/><testcase classname="com.bestbuyapi.crudtest.ProductCRUDTest" name="Deleting the product information and verify if the product is deleted "/></testsuite>