<?xml version="1.0" encoding="UTF-8"?><testsuite errors="0" failures="0" name="com.bestbuyapi.crudtest.StoresCRUDTest" skipped="0" tests="4" time="3.08" timestamp="2020-06-09T11:16:18.257+01:00[Europe/London]"><testcase classname="com.bestbuyapi.crudtest.StoresCRUDTest" name="Creating a new Store"/><testcase classname="com.bestbuyapi.crudtest.StoresCRUDTest" name="Getting a created Store"/><testcase classname="com.bestbuyapi.crudtest.StoresCRUDTest" name="This test will update the store information and verify the updated information"/><testcase classname="com.bestbuyapi.crudtest.StoresCRUDTest" name="This test will delete the store and verify the store is deleted "/></testsuite>