<?xml version="1.0" encoding="UTF-8"?><testsuite errors="0" failures="0" name="Testing the Categories features on the best buy application" skipped="0" tests="5" time="2.32" timestamp="2020-06-09T11:16:21.655+01:00[Europe/London]"><testcase name="Verify if best buy application categories can be accessed by users"/><testcase name="Create a new Category &amp; verify if the Category is added"/><testcase name="Getting the Category by id and verifying"/><testcase name="Updating the Category created and verify it is updated with status 200"/><testcase name="Deleting the Category created and verify it is deleted"/></testsuite>